<?xml version="1.0" encoding="UTF-8"?>
<!-- Generated by org.testng.reporters.JUnitXMLReporter -->
<testsuite hostname="DESKTOP-8AAMQJJ" name="GoogelSearchTest" tests="2" failures="0" timestamp="14 Apr 2018 16:28:39 GMT" time="10.36" errors="0">
  <testcase name="verifyGooglePageTitle" time="0.02" classname="com.automation.demo.simple_demo.GoogleSearchTest"/>
  <testcase name="verifySearchWorks" time="2.6" classname="com.automation.demo.simple_demo.GoogleSearchTest"/>
</testsuite> <!-- GoogelSearchTest -->
