<?xml version="1.0" encoding="UTF-8"?>
<testng-results skipped="0" failed="0" total="2" passed="2">
  <reporter-output>
  </reporter-output>
  <suite name="TestSuite" duration-ms="10360" started-at="2018-04-14T16:28:29Z" finished-at="2018-04-14T16:28:39Z">
    <groups>
    </groups>
    <test name="GoogelSearchTest" duration-ms="10360" started-at="2018-04-14T16:28:29Z" finished-at="2018-04-14T16:28:39Z">
      <class name="com.automation.demo.simple_demo.GoogleSearchTest">
        <test-method status="PASS" signature="pageSetup()[pri:0, instance:com.automation.demo.simple_demo.GoogleSearchTest@51081592]" name="pageSetup" is-config="true" duration-ms="7664" started-at="2018-04-14T16:28:29Z" finished-at="2018-04-14T16:28:37Z">
          <reporter-output>
          </reporter-output>
        </test-method> <!-- pageSetup -->
        <test-method status="PASS" signature="verifyGooglePageTitle()[pri:0, instance:com.automation.demo.simple_demo.GoogleSearchTest@51081592]" name="verifyGooglePageTitle" duration-ms="20" started-at="2018-04-14T16:28:37Z" finished-at="2018-04-14T16:28:37Z">
          <reporter-output>
          </reporter-output>
        </test-method> <!-- verifyGooglePageTitle -->
        <test-method status="PASS" signature="verifySearchWorks()[pri:0, instance:com.automation.demo.simple_demo.GoogleSearchTest@51081592]" name="verifySearchWorks" duration-ms="2600" started-at="2018-04-14T16:28:37Z" depends-on-methods="com.automation.demo.simple_demo.GoogleSearchTest.verifyGooglePageTitle" finished-at="2018-04-14T16:28:39Z">
          <reporter-output>
          </reporter-output>
        </test-method> <!-- verifySearchWorks -->
        <test-method status="PASS" signature="tearDownClass()[pri:0, instance:com.automation.demo.simple_demo.GoogleSearchTest@51081592]" name="tearDownClass" is-config="true" duration-ms="46" started-at="2018-04-14T16:28:39Z" finished-at="2018-04-14T16:28:39Z">
          <reporter-output>
          </reporter-output>
        </test-method> <!-- tearDownClass -->
      </class> <!-- com.automation.demo.simple_demo.GoogleSearchTest -->
    </test> <!-- GoogelSearchTest -->
  </suite> <!-- TestSuite -->
</testng-results>
