<?xml version="1.0" encoding="UTF-8"?>
<!-- Generated by org.testng.reporters.JUnitXMLReporter -->
<testsuite hostname="DESKTOP-8AAMQJJ" name="GoogelSearchTest" tests="2" failures="0" timestamp="14 Apr 2018 18:40:14 GMT" time="7.101" errors="0">
  <testcase name="verifyGooglePageTitle" time="0.013" classname="com.automation.demo.simple_demo.GoogleSearchTest"/>
  <testcase name="verifySearchWorks" time="2.825" classname="com.automation.demo.simple_demo.GoogleSearchTest"/>
</testsuite> <!-- GoogelSearchTest -->
