<?xml version="1.0" encoding="UTF-8"?>
<!-- Generated by org.testng.reporters.JUnitXMLReporter -->
<testsuite hostname="DESKTOP-8AAMQJJ" name="GoogelSearchTest" tests="2" failures="0" timestamp="19 Apr 2018 18:19:15 GMT" time="6.955" errors="0">
  <testcase name="verifyGooglePageTitle" time="0.012" classname="com.automation.demo.simple_demo.GoogleSearchTest"/>
  <testcase name="verifySearchWorks" time="2.593" classname="com.automation.demo.simple_demo.GoogleSearchTest"/>
</testsuite> <!-- GoogelSearchTest -->
